INFO:root:2018-11-02 12:51:12 | [OK!] Client startup initialised.
INFO:root:2018-11-02 12:51:12 | [CMD] Invoking Server Protocol 'GET' command with filename: test.mp4
INFO:root:2018-11-02 12:51:34 | [OK!] Client startup initialised.
INFO:root:2018-11-02 12:51:34 | [CMD] Invoking Server Protocol 'GET' command with filename: test.mp4
INFO:root:2018-11-02 13:14:20 | [OK!] Client startup initialised.
INFO:root:2018-11-02 13:14:20 | [CMD] Invoking Server Protocol 'LIST' command.
INFO:root:2018-11-02 13:14:20 | [CON] Successfully connected to server at: 127.0.0.1:8080
INFO:root:2018-11-02 13:14:29 | [OK!] Client startup initialised.
INFO:root:2018-11-02 13:14:29 | [CMD] Invoking Server Protocol 'LIST' command.
INFO:root:2018-11-02 13:14:29 | [CON] Successfully connected to server at: 127.0.0.1:8080
INFO:root:2018-11-02 13:14:29 | [OK!] Server responded with:
 - [FIL] server.py
 - [FIL] .DS_Store
 - [FIL] server.log
INFO:root:2018-11-02 13:14:29 | [DIS] Disconnected from server.
INFO:root:2018-11-02 13:14:35 | [OK!] Client startup initialised.
INFO:root:2018-11-02 13:14:35 | [CMD] Invoking Server Protocol 'GET' command with filename: server.log
INFO:root:2018-11-02 13:14:35 | [CON] Successfully connected to server at: 127.0.0.1:8080
INFO:root:2018-11-02 13:14:35 | [DWN] Download Complete 'server.log' [386.84KB / 386.84KB]
INFO:root:2018-11-02 13:14:35 | [OK!] File saved to: /Users/den/Development/NOSE2_AE1/client/server.log
INFO:root:2018-11-02 13:14:35 | [DIS] Disconnected from server.
INFO:root:2018-11-02 13:14:45 | [OK!] Client startup initialised.
INFO:root:2018-11-02 13:14:45 | [CON] Successfully connected to server at: 127.0.0.1:8080
INFO:root:2018-11-02 13:14:45 | [CMD] Invoking Server Protocol 'PUT' command with filename: client.log
INFO:root:2018-11-02 13:14:45 | [OK!] FileOkTransfer: No existing file present, OK to create new file.
INFO:root:2018-11-02 13:14:45 | [OK!] File 'client.log' found in client directory. Sending filesize to server.
INFO:root:2018-11-02 13:16:01 | [OK!] Client startup initialised.
INFO:root:2018-11-02 13:16:01 | [CON] Successfully connected to server at: 127.0.0.1:8080
INFO:root:2018-11-02 13:16:01 | [CMD] Invoking Server Protocol 'PUT' command with filename: client.log
INFO:root:2018-11-02 13:16:13 | [OK!] Client startup initialised.
INFO:root:2018-11-02 13:16:13 | [CON] Successfully connected to server at: 127.0.0.1:8080
INFO:root:2018-11-02 13:16:13 | [CMD] Invoking Server Protocol 'PUT' command with filename: client.log
INFO:root:2018-11-02 13:16:13 | [ERR] FileAlreadyExists: File already exists in current directory
INFO:root:2018-11-02 13:16:13 | [DIS] Disconnected from server.
INFO:root:2018-11-02 13:16:22 | [OK!] Client startup initialised.
INFO:root:2018-11-02 13:16:22 | [CON] Successfully connected to server at: 127.0.0.1:8080
INFO:root:2018-11-02 13:16:22 | [CMD] Invoking Server Protocol 'PUT' command with filename: client.log
INFO:root:2018-11-02 13:16:22 | [OK!] FileOkTransfer: No existing file present, OK to create new file.
INFO:root:2018-11-02 13:16:22 | [OK!] File 'client.log' found in client directory. Sending filesize to server.
INFO:root:2018-11-02 13:16:33 | [OK!] Client startup initialised.
INFO:root:2018-11-02 13:16:33 | [CON] Successfully connected to server at: 127.0.0.1:8080
INFO:root:2018-11-02 13:16:33 | [CMD] Invoking Server Protocol 'PUT' command with filename: client.log
INFO:root:2018-11-02 13:17:28 | [OK!] Client startup initialised.
INFO:root:2018-11-02 13:17:28 | [CON] Successfully connected to server at: 127.0.0.1:8080
INFO:root:2018-11-02 13:17:28 | [CMD] Invoking Server Protocol 'PUT' command with filename: client.log
INFO:root:2018-11-02 13:17:28 | [OK!] FileOkTransfer: No existing file present, OK to create new file.
INFO:root:2018-11-02 13:17:28 | [OK!] File 'client.log' found in client directory. Sending filesize to server.
INFO:root:2018-11-02 13:17:53 | [DIS] Disconnected from server.
INFO:root:2018-11-02 13:31:11 | [OK!] Client startup initialised.
INFO:root:2018-11-02 13:31:11 | [OK!] File 'client.log' found in client directory. Sending server total file-size.
INFO:root:2018-11-02 13:31:29 | [OK!] Client startup initialised.
INFO:root:2018-11-02 13:31:29 | [OK!] File 'client.log' found in client directory. Sending server total file-size.
INFO:root:2018-11-02 13:32:00 | [OK!] Client startup initialised.
INFO:root:2018-11-02 13:32:00 | [OK!] File 'client.log' found in client directory. Sending server total file-size.
INFO:root:2018-11-02 13:32:08 | [OK!] Client startup initialised.
INFO:root:2018-11-02 13:32:08 | [OK!] File 'client.log' found in client directory. Sending server total file-size.
INFO:root:2018-11-02 13:32:08 | [CON] Successfully connected to server at: 127.0.0.1:8080
INFO:root:2018-11-02 13:32:17 | [OK!] Client startup initialised.
INFO:root:2018-11-02 13:32:17 | [OK!] File 'client.log' found in client directory. Sending server total file-size.
INFO:root:2018-11-02 13:32:17 | [CON] Successfully connected to server at: 127.0.0.1:8080
INFO:root:2018-11-02 13:32:17 | [OK!] Server has received file from client.
INFO:root:2018-11-02 13:32:17 | [DIS] Disconnected from server.
INFO:root:2018-11-02 13:34:39 | [OK!] Client startup initialised.
INFO:root:2018-11-02 13:34:39 | [OK!] File 'client.log' found in client directory. Sending server total file-size.
INFO:root:2018-11-02 13:34:39 | [CON] Successfully connected to server at: 127.0.0.1:8080
INFO:root:2018-11-02 13:34:39 | [OK!] Server has received file from client.
INFO:root:2018-11-02 13:34:39 | [DIS] Disconnected from server.
INFO:root:2018-11-02 14:41:50 | [OK!] Client startup initialised.
INFO:root:2018-11-02 14:41:50 | [CMD] Invoking Server Protocol 'LIST' command.
INFO:root:2018-11-02 14:41:50 | [CON] Successfully connected to server at: 127.0.0.1:8080
INFO:root:2018-11-02 14:41:50 | [OK!] Server responded with:
 - [FIL] server.py
 - [FIL] .DS_Store
 - [FIL] empty
 - [FIL] test.mp4
 - [FIL] server.log
INFO:root:2018-11-02 14:41:55 | [OK!] Client startup initialised.
INFO:root:2018-11-02 14:41:55 | [CMD] Invoking Server Protocol 'GET' command with filename: server.log
INFO:root:2018-11-02 14:41:55 | [CON] Successfully connected to server at: 127.0.0.1:8080
INFO:root:2018-11-02 14:41:55 | [DWN] Download Complete 'server.log' [1.78MB / 1.78MB]
INFO:root:2018-11-02 14:41:55 | [OK!] File saved to: /Users/den/Development/NOSE2_AE1/client/server.log
INFO:root:2018-11-02 14:45:22 | [OK!] Client startup initialised.
INFO:root:2018-11-02 14:45:22 | [CMD] Invoking Server Protocol 'GET' command with filename: server.log
INFO:root:2018-11-02 14:45:22 | [CON] Successfully connected to server at: 192.168.1.199:8080
INFO:root:2018-11-02 14:47:10 | [DWN] Download Complete 'server.log' [15.05MB / 15.05MB]
INFO:root:2018-11-02 14:47:10 | [OK!] File saved to: /Users/den/Development/NOSE2_AE1/client/server.log
INFO:root:2018-11-02 14:47:53 | [OK!] Client startup initialised.
INFO:root:2018-11-02 14:47:53 | [CMD] Invoking Server Protocol 'GET' command with filename: test.mp4
INFO:root:2018-11-02 14:47:53 | [CON] Successfully connected to server at: 192.168.1.199:8080
INFO:root:2018-11-02 14:47:53 | [ERR] Server response: "FileNotFound" - File could not be found in current directory
INFO:root:2018-11-02 14:47:53 | [DIS] Disconnected from server.
INFO:root:2018-11-02 14:48:10 | [OK!] Client startup initialised.
INFO:root:2018-11-02 14:48:10 | [CMD] Invoking Server Protocol 'GET' command with filename: test.mp4
INFO:root:2018-11-02 14:48:14 | [CON] Successfully connected to server at: 192.168.1.199:8080
INFO:root:2018-11-02 14:49:02 | [DWN] Download Complete 'test.mp4' [3.79MB / 3.79MB]
INFO:root:2018-11-02 14:49:02 | [OK!] File saved to: /Users/den/Development/NOSE2_AE1/client/test.mp4
